\BOOKMARK [1][-]{section.1}{\376\377\133\236\232\214\166\356\166\204\116\016\133\211\143\222}{}% 1
\BOOKMARK [2][-]{subsection.1.1}{\376\377\133\236\232\214\166\356\166\204}{section.1}% 2
\BOOKMARK [3][-]{subsubsection.1.1.1}{\376\377\155\167\155\013\214\003\147\345\133\236\215\365\166\204\141\017\116\111}{subsection.1.1}% 3
\BOOKMARK [3][-]{subsubsection.1.1.2}{\376\377\155\167\116\012\214\003\147\345\133\236\215\365\166\204\166\356\166\204}{subsection.1.1}% 4
\BOOKMARK [2][-]{subsection.1.2}{\376\377\133\236\232\214\133\211\143\222}{section.1}% 5
\BOOKMARK [2][-]{subsection.1.3}{\376\377\230\204\214\003\147\345\172\331\160\271}{section.1}% 6
\BOOKMARK [1][-]{section.2}{\376\377\133\236\232\214\121\205\133\271\116\016\145\160\143\156}{}% 7
\BOOKMARK [2][-]{subsection.2.1}{\376\377\133\236\232\214\116\000\377\032\000A\000U\000V\201\352\116\073\144\315\117\134\133\236\232\214}{section.2}% 8
\BOOKMARK [3][-]{subsubsection.2.1.1}{\376\377\133\236\232\214\166\356\166\204}{subsection.2.1}% 9
\BOOKMARK [3][-]{subsubsection.2.1.2}{\376\377\133\236\232\214\121\205\133\271}{subsection.2.1}% 10
\BOOKMARK [3][-]{subsubsection.2.1.3}{\376\377\133\236\232\214\213\276\131\007}{subsection.2.1}% 11
\BOOKMARK [3][-]{subsubsection.2.1.4}{\376\377\133\236\232\214\153\145\232\244}{subsection.2.1}% 12
\BOOKMARK [3][-]{subsubsection.2.1.5}{\376\377\133\236\232\214\145\160\143\156\213\260\137\125}{subsection.2.1}% 13
\BOOKMARK [3][-]{subsubsection.2.1.6}{\376\377\145\160\143\156\122\006\147\220\176\323\213\272}{subsection.2.1}% 14
\BOOKMARK [2][-]{subsection.2.2}{\376\377\133\236\232\214\116\214\377\032\156\126\154\312\210\150\227\142\121\111\214\061\155\113\221\317}{section.2}% 15
\BOOKMARK [3][-]{subsubsection.2.2.1}{\376\377\133\236\232\214\166\356\166\204}{subsection.2.2}% 16
\BOOKMARK [3][-]{subsubsection.2.2.2}{\376\377\133\236\232\214\121\205\133\271}{subsection.2.2}% 17
\BOOKMARK [3][-]{subsubsection.2.2.3}{\376\377\133\236\232\214\213\276\131\007}{subsection.2.2}% 18
\BOOKMARK [3][-]{subsubsection.2.2.4}{\376\377\133\236\232\214\153\145\232\244}{subsection.2.2}% 19
\BOOKMARK [3][-]{subsubsection.2.2.5}{\376\377\133\236\232\214\145\160\143\156\213\260\137\125\116\016\131\004\164\006}{subsection.2.2}% 20
\BOOKMARK [3][-]{subsubsection.2.2.6}{\376\377\140\035\200\003\230\230\126\336\173\124}{subsection.2.2}% 21
\BOOKMARK [2][-]{subsection.2.3}{\376\377\133\236\232\214\116\011\377\032\154\064\215\050\211\302\155\113}{section.2}% 22
\BOOKMARK [3][-]{subsubsection.2.3.1}{\376\377\133\236\232\214\166\356\166\204}{subsection.2.3}% 23
\BOOKMARK [3][-]{subsubsection.2.3.2}{\376\377\133\236\232\214\121\205\133\271}{subsection.2.3}% 24
\BOOKMARK [3][-]{subsubsection.2.3.3}{\376\377\133\236\232\214\213\276\131\007}{subsection.2.3}% 25
\BOOKMARK [3][-]{subsubsection.2.3.4}{\376\377\133\236\232\214\153\145\232\244}{subsection.2.3}% 26
\BOOKMARK [3][-]{subsubsection.2.3.5}{\376\377\133\236\232\214\145\160\143\156\213\260\137\125}{subsection.2.3}% 27
\BOOKMARK [3][-]{subsubsection.2.3.6}{\376\377\145\160\143\156\122\006\147\220\176\323\213\272}{subsection.2.3}% 28
\BOOKMARK [2][-]{subsection.2.4}{\376\377\133\236\232\214\126\333\377\032\155\167\136\225\127\060\214\214\214\003\147\345\206\132\142\337\116\377\167\037\133\236\232\214}{section.2}% 29
\BOOKMARK [3][-]{subsubsection.2.4.1}{\376\377\133\236\232\214\166\356\166\204}{subsection.2.4}% 30
\BOOKMARK [3][-]{subsubsection.2.4.2}{\376\377\133\236\232\214\121\205\133\271}{subsection.2.4}% 31
\BOOKMARK [2][-]{subsection.2.5}{\376\377\133\236\232\214\116\224\377\032\155\167\155\013\162\147\127\072\117\116\154\047\160\176\133\263\214\003\147\345\166\321\155\113\206\132\142\337\116\377\167\037\133\236\232\214}{section.2}% 32
\BOOKMARK [3][-]{subsubsection.2.5.1}{\376\377\133\236\232\214\166\356\166\204}{subsection.2.5}% 33
\BOOKMARK [3][-]{subsubsection.2.5.2}{\376\377\133\236\232\214\121\205\133\271}{subsection.2.5}% 34
\BOOKMARK [3][-]{subsubsection.2.5.3}{\376\377\140\035\200\003\225\356\173\124\230\230}{subsection.2.5}% 35
\BOOKMARK [2][-]{subsection.2.6}{\376\377\133\236\232\214\121\155\377\032\217\336\176\355\154\064\117\115\116\016\155\167\155\101\211\302\155\113}{section.2}% 36
\BOOKMARK [3][-]{subsubsection.2.6.1}{\376\377\133\236\232\214\166\356\166\204}{subsection.2.6}% 37
\BOOKMARK [3][-]{subsubsection.2.6.2}{\376\377\133\236\232\214\121\205\133\271}{subsection.2.6}% 38
\BOOKMARK [3][-]{subsubsection.2.6.3}{\376\377\133\236\232\214\213\276\131\007}{subsection.2.6}% 39
\BOOKMARK [3][-]{subsubsection.2.6.4}{\376\377\133\236\232\214\153\145\232\244}{subsection.2.6}% 40
\BOOKMARK [3][-]{subsubsection.2.6.5}{\376\377\133\236\232\214\145\160\143\156\213\260\137\125}{subsection.2.6}% 41
\BOOKMARK [3][-]{subsubsection.2.6.6}{\376\377\145\160\143\156\122\006\147\220\176\323\213\272}{subsection.2.6}% 42
\BOOKMARK [2][-]{subsection.2.7}{\376\377\133\236\232\214\176\323\147\234\122\006\147\220\134\017\176\323}{section.2}% 43
\BOOKMARK [2][-]{subsection.2.8}{\376\377\133\236\232\214\116\003\377\032\133\232\117\115\116\016\154\024\214\141\211\302\155\113}{section.2}% 44
\BOOKMARK [3][-]{subsubsection.2.8.1}{\376\377\133\236\232\214\166\356\166\204}{subsection.2.8}% 45
\BOOKMARK [3][-]{subsubsection.2.8.2}{\376\377\133\236\232\214\121\205\133\271}{subsection.2.8}% 46
\BOOKMARK [3][-]{subsubsection.2.8.3}{\376\377\133\236\232\214\213\276\131\007}{subsection.2.8}% 47
\BOOKMARK [3][-]{subsubsection.2.8.4}{\376\377\133\236\232\214\153\145\232\244}{subsection.2.8}% 48
\BOOKMARK [3][-]{subsubsection.2.8.5}{\376\377\145\160\143\156\122\006\147\220\176\323\213\272}{subsection.2.8}% 49
\BOOKMARK [2][-]{subsection.2.9}{\376\377\133\236\232\214\121\153\377\032\154\064\145\207\060\001\154\064\215\050\211\302\155\113}{section.2}% 50
\BOOKMARK [3][-]{subsubsection.2.9.1}{\376\377\133\236\232\214\166\356\166\204}{subsection.2.9}% 51
\BOOKMARK [3][-]{subsubsection.2.9.2}{\376\377\133\236\232\214\121\205\133\271}{subsection.2.9}% 52
\BOOKMARK [3][-]{subsubsection.2.9.3}{\376\377\133\236\232\214\213\276\131\007}{subsection.2.9}% 53
\BOOKMARK [3][-]{subsubsection.2.9.4}{\376\377\133\236\232\214\153\145\232\244}{subsection.2.9}% 54
\BOOKMARK [3][-]{subsubsection.2.9.5}{\376\377\133\236\232\214\145\160\143\156\213\260\137\125}{subsection.2.9}% 55
\BOOKMARK [2][-]{subsection.2.10}{\376\377\133\236\232\214\116\135\377\032\155\167\155\013\210\150\227\142\121\111\214\061\155\113\221\317}{section.2}% 56
\BOOKMARK [3][-]{subsubsection.2.10.1}{\376\377\133\236\232\214\166\356\166\204}{subsection.2.10}% 57
\BOOKMARK [3][-]{subsubsection.2.10.2}{\376\377\133\236\232\214\121\205\133\271}{subsection.2.10}% 58
\BOOKMARK [3][-]{subsubsection.2.10.3}{\376\377\133\236\232\214\213\276\131\007}{subsection.2.10}% 59
\BOOKMARK [3][-]{subsubsection.2.10.4}{\376\377\133\236\232\214\153\145\232\244}{subsection.2.10}% 60
\BOOKMARK [3][-]{subsubsection.2.10.5}{\376\377\133\236\232\214\145\160\143\156\213\260\137\125\116\016\131\004\164\006}{subsection.2.10}% 61
\BOOKMARK [3][-]{subsubsection.2.10.6}{\376\377\140\035\200\003\230\230\126\336\173\124}{subsection.2.10}% 62
\BOOKMARK [1][-]{section.3}{\376\377\141\037\140\363\060\001\213\276\140\363\123\312\136\372\213\256}{}% 63
\BOOKMARK [1][-]{section*.32}{\376\377\226\104\116\366\116\000\377\032\155\167\136\225\127\060\214\214\214\003\147\345\206\132\142\337\116\377\167\037\133\236\232\214\142\245\124\112}{}% 64
\BOOKMARK [2][-]{subsection*.33}{\376\377\116\000\060\001\133\236\232\214\166\356\166\204}{section*.32}% 65
\BOOKMARK [2][-]{subsection*.34}{\376\377\116\214\060\001\133\236\232\214\202\071\123\352}{section*.32}% 66
\BOOKMARK [2][-]{subsection*.35}{\376\377\116\011\060\001\133\236\232\214\230\171\166\356}{section*.32}% 67
\BOOKMARK [2][-]{subsection*.42}{\376\377\126\333\060\001\143\242\172\166\140\047\133\236\232\214\142\245\124\112}{section*.32}% 68
\BOOKMARK [1][-]{section*.43}{\376\377\226\104\116\366\116\214\377\032\155\167\155\013\162\147\127\072\117\116\154\047\160\176\133\263\214\003\147\345\166\321\155\113\206\132\142\337\116\377\167\037\133\236\232\214\142\245\124\112}{}% 69
\BOOKMARK [2][-]{subsection*.44}{\376\377\116\000\060\001\133\236\232\214\127\372\147\054\117\341\140\157}{section*.43}% 70
\BOOKMARK [2][-]{subsection*.45}{\376\377\116\214\060\001\133\236\232\214\121\205\133\271}{section*.43}% 71
\BOOKMARK [2][-]{subsection*.46}{\376\377\116\011\060\001\133\236\232\214\217\307\172\013\116\016\176\323\147\234}{section*.43}% 72
\BOOKMARK [2][-]{subsection*.47}{\376\377\126\333\060\001\140\035\200\003\225\356\173\124\230\230}{section*.43}% 73
\BOOKMARK [2][-]{subsection*.48}{\376\377\116\224\060\001\133\236\232\214\142\052\126\376}{section*.43}% 74
